<?xml version="1.0" encoding="utf-8"?><testsuites name="pytest tests"><testsuite name="pytest" errors="0" failures="0" skipped="5" tests="26" time="28.790" timestamp="2026-01-15T10:26:08.832924+01:00" hostname="gpd"><testcase classname="tests.test_asyncio" name="test_0010" time="3.006" /><testcase classname="tests.test_asyncio" name="test_0020" time="2.005" /><testcase classname="tests.test_asyncio" name="test_0030" time="1.002" /><testcase classname="tests.test_faststream" name="test_validation_str_ok" time="0.012" /><testcase classname="tests.test_faststream" name="test_validation_str_err" time="0.011" /><testcase classname="tests.test_faststream" name="test_connect_only" time="0.005" /><testcase classname="tests.test_faststream" name="test_sub_embed" time="0.012" /><testcase classname="tests.test_faststream" name="test_sub_embed_fixture" time="0.007" /><testcase classname="tests.test_faststream" name="test_pubsub_nats" time="0.014" /><testcase classname="tests.test_faststream" name="test_pubsub_nats_fixture" time="0.013" /><testcase classname="tests.test_fixture" name="test_world1pac" time="2.561" /><testcase classname="tests.test_fixture" name="test_world4pac" time="7.207" /><testcase classname="tests.test_nats" name="test_nats" time="0.007" /><testcase classname="tests.test_nats" name="test_nats_context_manager" time="0.007" /><testcase classname="tests.test_service_lifecycle.TestNatsServerLifecycle" name="test_01_nats_server_manual_lifecycle" time="0.006" /><testcase classname="tests.test_service_lifecycle.TestNatsServerLifecycle" name="test_02_nats_server_context_manager" time="0.007" /><testcase classname="tests.test_service_lifecycle.TestNatsServerLifecycle" name="test_02b_nats_server_context_wrapper" time="0.000"><skipped type="pytest.skip" message="not implemented">/home/philippe/src/PA_Communautaire/packages/pac0/tests/test_service_lifecycle.py:55: not implemented</skipped></testcase><testcase classname="tests.test_service_lifecycle.TestBrokerConnection" name="test_03_broker_connection" time="0.000"><skipped type="pytest.skip" message="not implemented">/home/philippe/src/PA_Communautaire/packages/pac0/tests/test_service_lifecycle.py:81: not implemented</skipped></testcase><testcase classname="tests.test_service_lifecycle.TestBrokerConnection" name="test_03b_broker_context_wrapper" time="0.000"><skipped type="pytest.skip" message="not implemented">/home/philippe/src/PA_Communautaire/packages/pac0/tests/test_service_lifecycle.py:93: not implemented</skipped></testcase><testcase classname="tests.test_service_lifecycle.TestBrokerConnection" name="test_04_broker_pubsub_basic" time="0.000"><skipped type="pytest.skip" message="not implemented">/home/philippe/src/PA_Communautaire/packages/pac0/tests/test_service_lifecycle.py:102: not implemented</skipped></testcase><testcase classname="tests.test_service_lifecycle.TestBrokerConnection" name="test_04b_broker_pubsub_wildcard" time="0.000"><skipped type="pytest.skip" message="not implemented">/home/philippe/src/PA_Communautaire/packages/pac0/tests/test_service_lifecycle.py:135: not implemented</skipped></testcase><testcase classname="tests.test_test" name="test_dummy_async" time="0.001" /><testcase classname="tests.test_test" name="test_dummy" time="0.001" /><testcase classname="tests.test_world" name="test_world_default_0pa" time="0.003" /><testcase classname="tests.test_world" name="test_world_with_1pa" time="4.812" /><testcase classname="tests.test_world" name="test_world_with_4pa" time="7.764" /></testsuite></testsuites>